Case #1: 1. 6.
Case #2: 0. 1.
Case #3: 3.36340601177 1.
Case #4: 0.128564869307 7.13333333333
Case #5: 1800. 0.
Case #6: 242.250649595 0.
Case #7: 190.412975502 0.
Case #8: 219.94640175 0.
Case #9: 386.330283566 0.
Case #10: 130.908731525 0.
Case #11: 0. 0.
Case #12: 0. 0.
Case #13: 0. 0.
Case #14: 0. 0.
Case #15: 0. 0.
Case #16: 0. 0.
Case #17: 0. 3.6
Case #18: 4.54747350886e-014 0.705882352941
Case #19: 0. 2.
Case #20: 0. 0.944444444444
Case #21: 0. 0.166666666667
Case #22: 0. 1.11111111111
Case #23: 0. 5.
Case #24: 0. 0.388888888889
Case #25: 0. 0.666666666667
Case #26: 0. 1.
Case #27: 0. 1.23076923077
Case #28: 0. 0.333333333333
Case #29: 0. 0.25
Case #30: 8660.25403784 0.
Case #31: 0. 2500000.
Case #32: 0.628731304528 3.4264998777
Case #33: 2.02681412947 2.07600643155
Case #34: 5.19385503819 4.10238226977
Case #35: 4.7600509363 1.80460317567
Case #36: 1.41169551572 1.37387138737
Case #37: 5.97363731251 2.89234867225
Case #38: 0.950352049817 0.964779619347
Case #39: 2.05755380474 2.44273225726
Case #40: 4.37658743688 2.37099776784
Case #41: 5.0219769685 2.07111816447
Case #42: 12.0463304039 8.09949756323
Case #43: 12.96756954 1.99749781811
Case #44: 15.0864479808 4.33671602682
Case #45: 23.195781642 0.
Case #46: 38.9502888308 0.
Case #47: 38.6274545746 0.
Case #48: 264.974631909 0.
Case #49: 20.1253019301 0.
Case #50: 17.2004143386 0.
Case #51: 52.1283127259 0.
Case #52: 287.381558211 0.
Case #53: 32.7206356906 0.
Case #54: 6.15603593518 0.
Case #55: 0.705180056131 2.13333333333
Case #56: 0.460390699254 0.711111111111
Case #57: 0.82906389306 0.
Case #58: 1.31980016663 0.790322580645
Case #59: 1.41676369412 1.36064257028
Case #60: 2.10931498701 0.372724290635
Case #61: 5.52883597457 0.0532276330691
Case #62: 7.98397154635 0.
Case #63: 1.80732688402 0.0879240247044
Case #64: 3.83101069583 0.970096119616
Case #65: 2.67667172291 1.07971745711
Case #66: 4.25200487471 0.
Case #67: 6.09629446386 2.36526946108
Case #68: 4.39183563592 1.36349924585
Case #69: 4.97828572613 0.874037993181
Case #70: 5.59442579717 0.
Case #71: 2.76804079838 0.
Case #72: 2.71016388333 0.119516247837
Case #73: 2.6849551905 0.
Case #74: 1.91373979422 0.
Case #75: 5.25390809739 0.
Case #76: 7.52616116162 0.00157133731462
Case #77: 6.78126368681 0.
Case #78: 2.67265314344 0.0203480813753
Case #79: 263.862052027 0.
Case #80: 625.610950337 19.5662041924
Case #81: 131.864482302 22.8983062759
Case #82: 720.589592588 0.
Case #83: 4381.66363953 0.
Case #84: 544.760285903 0.
Case #85: 825.820480055 0.
Case #86: 880.501965518 1.06223439377
Case #87: 765.368193892 0.
Case #88: 153.260239909 0.283876748218
Case #89: 2029.58860902 0.
Case #90: 506.390509865 0.76718450499
Case #91: 761.241144786 0.481235996483
Case #92: 245.62070094 0.249992336336
Case #93: 85.8315938335 0.
Case #94: 747.903557686 0.
Case #95: 502.870082625 0.231774337093
Case #96: 550.125507697 0.
Case #97: 676.687375923 0.
Case #98: 423.807711003 0.416917011743
Case #99: 499.056749478 0.683465101826
Case #100: 24.2310104724 0.
