Case #1: 1. 6.
Case #2: 0. 1.
Case #3: 3.36340601177 1.
Case #4: 0.353553390593 7.13333333333
Case #5: 1800. 0.
Case #6: 1635.19188476 0.
Case #7: 837.81709221 0.
Case #8: 1539.62481225 0.
Case #9: 1073.13967657 0.
Case #10: 850.906754912 0.
Case #11: 0. 0.
Case #12: 0. 0.
Case #13: 0. 0.
Case #14: 0. 0.
Case #15: 0. 0.
Case #16: 0. 0.
Case #17: 0. 0.6
Case #18: 0. 0.85
Case #19: 0. 1.53846153846
Case #20: 0. 0.846153846154
Case #21: 0. 0.5
Case #22: 0. 0.444444444444
Case #23: 0. 5.33333333333
Case #24: 0. 18.
Case #25: 0. 1.7
Case #26: 0. 0.666666666667
Case #27: 0. 0.833333333333
Case #28: 0. 1.
Case #29: 0. 0.333333333333
Case #30: 77.7302409154 12.3159348564
Case #31: 16.0424265726 10.1786098771
Case #32: 8.39464662841 3.25641210086
Case #33: 3.49507110932 1.90035167199
Case #34: 23.9499261204 5.04546657603
Case #35: 26.9140010624 2.93314319477
Case #36: 52.09367708 3.21518977293
Case #37: 50.5695019682 5.05042304954
Case #38: 29.5489913415 1.25334531341
Case #39: 28.0270819463 3.81493083708
Case #40: 51.9575648154 5.44397360084
Case #41: 12.2375211564 1.82172903856
Case #42: 107.265816774 17.5061391979
Case #43: 128.360386759 0.
Case #44: 185.246214536 0.
Case #45: 128.085420716 0.
Case #46: 106.157618662 0.
Case #47: 350.179329059 0.
Case #48: 199.117754105 0.
Case #49: 128.976742089 0.
Case #50: 222.084232331 0.
Case #51: 135.659327453 0.
Case #52: 230.594815098 0.
Case #53: 1.60356745147 0.
Case #54: 1.03002106591 0.679245283019
Case #55: 1.7840168299 0.45
Case #56: 4.45112345369 0.
Case #57: 7.68114574787 0.
Case #58: 8.43726851534 0.
Case #59: 6.54293512118 0.
Case #60: 5.23756611084 0.
Case #61: 6.20322496771 0.
Case #62: 10.6150159353 0.373901808786
Case #63: 4.35086198356 0.
Case #64: 4.64670170494 0.
Case #65: 8.51473334841 1.35499316005
Case #66: 14.2921414114 0.
Case #67: 2.48117915516 0.
Case #68: 19.0686579382 0.733740508419
Case #69: 10.4491642194 0.597784700588
Case #70: 17.9239429785 0.007302442841
Case #71: 22.5610283454 0.
Case #72: 7.74964900909 0.000739046971635
Case #73: 7.40466521938 0.000257544303107
Case #74: 5.15557950186 0.
Case #75: 13.1865543459 0.00694880084281
Case #76: 7.92589230266 0.013039668365
Case #77: 243.79977056 0.
Case #78: 1202.76549391 0.
Case #79: 1152.71430104 19.7137882542
Case #80: 2044.80331165 0.
Case #81: 2221.65241024 46.7565982405
Case #82: 649.571823839 0.102578022767
Case #83: 1245.76577855 0.
Case #84: 33.5767776893 0.
Case #85: 67.0124899307 0.00148184678124
Case #86: 332.210870533 0.
Case #87: 734.465423728 0.456598753234
Case #88: 59.6074335101 0.00726591410906
Case #89: 1694.09057443 3.17491561583
Case #90: 387.119266545 0.
Case #91: 896.727576769 0.
Case #92: 523.010217395 0.
Case #93: 196.379883873 0.0133590591959
Case #94: 1143.37321663 0.
Case #95: 998.312514468 0.
Case #96: 2361.25832555 0.
Case #97: 698.288029999 0.
Case #98: 1373.92919921 0.
Case #99: 137.770529323 0.
Case #100: 1799.7481204 0.
